#
# There is insufficient memory for the Java Runtime Environment to continue.
# Native memory allocation (mmap) failed to map 123731968 bytes for G1 virtual space
# Possible reasons:
#   The system is out of physical RAM or swap space
#   The process is running with CompressedOops enabled, and the Java Heap may be blocking the growth of the native heap
# Possible solutions:
#   Reduce memory load on the system
#   Increase physical memory or swap space
#   Check if swap backing store is full
#   Decrease Java heap size (-Xmx/-Xms)
#   Decrease number of Java threads
#   Decrease Java thread stack sizes (-Xss)
#   Set larger code cache with -XX:ReservedCodeCacheSize=
#   JVM is running with Unscaled Compressed Oops mode in which the Java heap is
#     placed in the first 4GB address space. The Java Heap base address is the
#     maximum limit for the native heap growth. Please use -XX:HeapBaseMinAddress
#     to set the Java Heap base and to place the Java Heap above 4GB virtual address.
# This output file may be truncated or incomplete.
#
#  Out of Memory Error (os_windows.cpp:3469), pid=1768, tid=3872
#
# JRE version:  (17.0+35) (build )
# Java VM: OpenJDK 64-Bit Server VM (17+35-2724, mixed mode, sharing, tiered, compressed oops, compressed class ptrs, g1 gc, windows-amd64)
# No core dump will be written. Minidumps are not enabled by default on client versions of Windows
#

---------------  S U M M A R Y ------------

Command Line: -javaagent:C:\Program Files\JetBrains\IntelliJ IDEA Community Edition 2021.2.2\lib\idea_rt.jar=51294:C:\Program Files\JetBrains\IntelliJ IDEA Community Edition 2021.2.2\bin -Dfile.encoding=UTF-8 com.company.Main

Host: AMD Ryzen 5 5600H with Radeon Graphics         , 12 cores, 7G,  Windows 10 , 64 bit Build 19041 (10.0.19041.1566)
Time: Tue Mar 29 22:54:36 2022 West-Europa (zomertijd) elapsed time: 0.010572 seconds (0d 0h 0m 0s)

---------------  T H R E A D  ---------------

Current thread (0x0000028876529ea0):  JavaThread "Unknown thread" [_thread_in_vm, id=3872, stack(0x000000d5bbf00000,0x000000d5bc000000)]

Stack: [0x000000d5bbf00000,0x000000d5bc000000]
Native frames: (J=compiled Java code, j=interpreted, Vv=VM code, C=native code)
V  [jvm.dll+0x66f8ea]
V  [jvm.dll+0x7ce224]
V  [jvm.dll+0x7cf9ce]
V  [jvm.dll+0x7d0033]
V  [jvm.dll+0x242bb5]
V  [jvm.dll+0x66c909]
V  [jvm.dll+0x6613d2]
V  [jvm.dll+0x30082b]
V  [jvm.dll+0x307db6]
V  [jvm.dll+0x357a0e]
V  [jvm.dll+0x357c3f]
V  [jvm.dll+0x2d7ae8]
V  [jvm.dll+0x2d8a54]
V  [jvm.dll+0x7a00a1]
V  [jvm.dll+0x365781]
V  [jvm.dll+0x77f59c]
V  [jvm.dll+0x3e805f]
V  [jvm.dll+0x3e9b01]
C  [jli.dll+0x527b]
C  [ucrtbase.dll+0x21bb2]
C  [KERNEL32.DLL+0x17034]
C  [ntdll.dll+0x52651]


---------------  P R O C E S S  ---------------

Threads class SMR info:
_java_thread_list=0x00007ffb579e7818, length=0, elements={
}

Java Threads: ( => current thread )

Other Threads:
  0x00000288765664b0 GCTaskThread "GC Thread#0" [stack: 0x000000d5bc000000,0x000000d5bc100000] [id=11088]
  0x0000028876575f70 ConcurrentGCThread "G1 Main Marker" [stack: 0x000000d5bc100000,0x000000d5bc200000] [id=2644]
  0x0000028876577120 ConcurrentGCThread "G1 Conc#0" [stack: 0x000000d5bc200000,0x000000d5bc300000] [id=10016]

[error occurred during error reporting (printing all threads), id 0xc0000005, EXCEPTION_ACCESS_VIOLATION (0xc0000005) at pc=0x00007ffb572384c7]

VM state: not at safepoint (not fully initialized)

VM Mutex/Monitor currently owned by a thread:  ([mutex/lock_event])
[0x0000028876525250] Heap_lock - owner thread: 0x0000028876529ea0

Heap address: 0x000000008a400000, size: 1884 MB, Compressed Oops mode: 32-bit

CDS archive(s) mapped at: [0x0000000000000000-0x0000000000000000-0x0000000000000000), size 0, SharedBaseAddress: 0x0000000800000000, ArchiveRelocationMode: 0.
Narrow klass base: 0x0000000000000000, Narrow klass shift: 0, Narrow klass range: 0x0

GC Precious Log:
<Empty>

Heap:
 garbage-first heap   total 0K, used 0K [0x000000008a400000, 0x0000000100000000)
  region size 1024K, 0 young (0K), 0 survivors (0K)

[error occurred during error reporting (printing heap information), id 0xc0000005, EXCEPTION_ACCESS_VIOLATION (0xc0000005) at pc=0x00007ffb57618c59]

GC Heap History (0 events):
No events

Deoptimization events (0 events):
No events

Classes unloaded (0 events):
No events

Classes redefined (0 events):
No events

Internal exceptions (0 events):
No events

VM Operations (0 events):
No events

Events (1 events):
Event: 0.007 Loaded shared library C:\Users\furka\.jdks\openjdk-17\bin\java.dll


Dynamic libraries:
0x00007ff666bb0000 - 0x00007ff666bbe000 	C:\Users\furka\.jdks\openjdk-17\bin\java.exe
0x00007ffbf1e70000 - 0x00007ffbf2065000 	C:\Windows\SYSTEM32\ntdll.dll
0x00007ffbf1580000 - 0x00007ffbf163e000 	C:\Windows\System32\KERNEL32.DLL
0x00007ffbef8e0000 - 0x00007ffbefba8000 	C:\Windows\System32\KERNELBASE.dll
0x00007ffbef680000 - 0x00007ffbef780000 	C:\Windows\System32\ucrtbase.dll
0x00007ffbea4b0000 - 0x00007ffbea4ca000 	C:\Users\furka\.jdks\openjdk-17\bin\VCRUNTIME140.dll
0x00007ffbdbe20000 - 0x00007ffbdbe38000 	C:\Users\furka\.jdks\openjdk-17\bin\jli.dll
0x00007ffbf1640000 - 0x00007ffbf17e0000 	C:\Windows\System32\USER32.dll
0x00007ffbe5020000 - 0x00007ffbe52ba000 	C:\Windows\WinSxS\amd64_microsoft.windows.common-controls_6595b64144ccf1df_6.0.19041.1110_none_60b5254171f9507e\COMCTL32.dll
0x00007ffbef780000 - 0x00007ffbef7a2000 	C:\Windows\System32\win32u.dll
0x00007ffbf18c0000 - 0x00007ffbf195e000 	C:\Windows\System32\msvcrt.dll
0x00007ffbf0060000 - 0x00007ffbf008b000 	C:\Windows\System32\GDI32.dll
0x00007ffbefdc0000 - 0x00007ffbefecb000 	C:\Windows\System32\gdi32full.dll
0x00007ffbef840000 - 0x00007ffbef8dd000 	C:\Windows\System32\msvcp_win.dll
0x00007ffbf1890000 - 0x00007ffbf18c0000 	C:\Windows\System32\IMM32.DLL
0x00007ffbea6e0000 - 0x00007ffbea6ec000 	C:\Users\furka\.jdks\openjdk-17\bin\vcruntime140_1.dll
0x00007ffb8d570000 - 0x00007ffb8d5fd000 	C:\Users\furka\.jdks\openjdk-17\bin\msvcp140.dll
0x00007ffb56f50000 - 0x00007ffb57b0e000 	C:\Users\furka\.jdks\openjdk-17\bin\server\jvm.dll
0x00007ffbf1440000 - 0x00007ffbf14ee000 	C:\Windows\System32\ADVAPI32.dll
0x00007ffbf04d0000 - 0x00007ffbf056c000 	C:\Windows\System32\sechost.dll
0x00007ffbf0d20000 - 0x00007ffbf0e45000 	C:\Windows\System32\RPCRT4.dll
0x00007ffbf0eb0000 - 0x00007ffbf0eb8000 	C:\Windows\System32\PSAPI.DLL
0x00007ffbea4d0000 - 0x00007ffbea4d9000 	C:\Windows\SYSTEM32\WSOCK32.dll
0x00007ffbe6850000 - 0x00007ffbe6877000 	C:\Windows\SYSTEM32\WINMM.dll
0x00007ffbe8110000 - 0x00007ffbe811a000 	C:\Windows\SYSTEM32\VERSION.dll
0x00007ffbf0ec0000 - 0x00007ffbf0f2b000 	C:\Windows\System32\WS2_32.dll
0x00007ffbed680000 - 0x00007ffbed692000 	C:\Windows\SYSTEM32\kernel.appcore.dll
0x00007ffbea690000 - 0x00007ffbea69a000 	C:\Users\furka\.jdks\openjdk-17\bin\jimage.dll
0x00007ffbed480000 - 0x00007ffbed664000 	C:\Windows\SYSTEM32\DBGHELP.DLL
0x00007ffbdbdc0000 - 0x00007ffbdbdec000 	C:\Windows\SYSTEM32\dbgcore.DLL
0x00007ffbef7b0000 - 0x00007ffbef832000 	C:\Windows\System32\bcryptPrimitives.dll
0x00007ffbe2cb0000 - 0x00007ffbe2cbe000 	C:\Users\furka\.jdks\openjdk-17\bin\instrument.dll
0x00007ffbc6db0000 - 0x00007ffbc6dd5000 	C:\Users\furka\.jdks\openjdk-17\bin\java.dll

dbghelp: loaded successfully - version: 4.0.5 - missing functions: none
symbol engine: initialized successfully - sym options: 0x614 - pdb path: .;C:\Users\furka\.jdks\openjdk-17\bin;C:\Windows\SYSTEM32;C:\Windows\WinSxS\amd64_microsoft.windows.common-controls_6595b64144ccf1df_6.0.19041.1110_none_60b5254171f9507e;C:\Users\furka\.jdks\openjdk-17\bin\server

VM Arguments:
jvm_args: -javaagent:C:\Program Files\JetBrains\IntelliJ IDEA Community Edition 2021.2.2\lib\idea_rt.jar=51294:C:\Program Files\JetBrains\IntelliJ IDEA Community Edition 2021.2.2\bin -Dfile.encoding=UTF-8 
java_command: com.company.Main
java_class_path (initial): C:\Users\furka\IdeaProjects\opt2-portfolio\out\production\opt2-portfolio
Launcher Type: SUN_STANDARD

[Global flags]
     intx CICompilerCount                          = 4                                         {product} {ergonomic}
     uint ConcGCThreads                            = 3                                         {product} {ergonomic}
     uint G1ConcRefinementThreads                  = 10                                        {product} {ergonomic}
   size_t G1HeapRegionSize                         = 1048576                                   {product} {ergonomic}
    uintx GCDrainStackTargetSize                   = 64                                        {product} {ergonomic}
   size_t InitialHeapSize                          = 123731968                                 {product} {ergonomic}
   size_t MarkStackSize                            = 4194304                                   {product} {ergonomic}
   size_t MaxHeapSize                              = 1975517184                                {product} {ergonomic}
   size_t MinHeapDeltaBytes                        = 1048576                                   {product} {ergonomic}
   size_t MinHeapSize                              = 8388608                                   {product} {ergonomic}
    uintx NonNMethodCodeHeapSize                   = 5839372                                {pd product} {ergonomic}
    uintx NonProfiledCodeHeapSize                  = 122909434                              {pd product} {ergonomic}
    uintx ProfiledCodeHeapSize                     = 122909434                              {pd product} {ergonomic}
    uintx ReservedCodeCacheSize                    = 251658240                              {pd product} {ergonomic}
     bool SegmentedCodeCache                       = true                                      {product} {ergonomic}
   size_t SoftMaxHeapSize                          = 1975517184                             {manageable} {ergonomic}
     bool UseCompressedClassPointers               = true                           {product lp64_product} {ergonomic}
     bool UseCompressedOops                        = true                           {product lp64_product} {ergonomic}
     bool UseG1GC                                  = true                                      {product} {ergonomic}
     bool UseLargePagesIndividualAllocation        = false                                  {pd product} {ergonomic}

Logging:
Log output configuration:
 #0: stdout all=warning uptime,level,tags
 #1: stderr all=off uptime,level,tags

Environment Variables:
PATH=C:\Windows\system32;C:\Windows;C:\Windows\System32\Wbem;C:\Windows\System32\WindowsPowerShell\v1.0\;C:\Windows\System32\OpenSSH\;C:\Program Files (x86)\NVIDIA Corporation\PhysX\Common;C:\Program Files\NVIDIA Corporation\NVIDIA NvDLISR;C:\Program Files\Git\cmd;C:\Users\furka\AppData\Local\Microsoft\WindowsApps;
USERNAME=furka
OS=Windows_NT
PROCESSOR_IDENTIFIER=AMD64 Family 25 Model 80 Stepping 0, AuthenticAMD



---------------  S Y S T E M  ---------------

OS:
 Windows 10 , 64 bit Build 19041 (10.0.19041.1566)
OS uptime: 2 days 2:09 hours

CPU: total 12 (initial active 12) (12 cores per cpu, 2 threads per core) family 25 model 80 stepping 0 microcode 0x0, cx8, cmov, fxsr, ht, mmx, 3dnowpref, sse, sse2, sse3, ssse3, sse4a, sse4.1, sse4.2, popcnt, lzcnt, tsc, tscinvbit, avx, avx2, aes, erms, clmul, bmi1, bmi2, adx, sha, fma, vzeroupper, clflush, clflushopt

Memory: 4k page, system-wide physical 7532M (1143M free)
TotalPageFile size 18864M (AvailPageFile size 98M)
current process WorkingSet (physical memory assigned to process): 10M, peak: 10M
current process commit charge ("private bytes"): 64M, peak: 182M

vm_info: OpenJDK 64-Bit Server VM (17+35-2724) for windows-amd64 JRE (17+35-2724), built on Aug  5 2021 23:26:02 by "mach5one" with MS VC++ 16.8 (VS2019)

END.
